<?xml version="1.0" encoding="UTF-8"?>
<!-- Generated by org.testng.reporters.JUnitReportReporter -->
<testsuite hostname="jbodolla-m1.local" failures="0" tests="1" name="main.TestRunner" time="12.840" errors="0" timestamp="08 Sep 2019 00:20:05 GMT" skipped="0">
  <testcase classname="main.TestRunner" name="runScenario" time="12.840"/>
</testsuite> <!-- main.TestRunner -->
